<?xml version="1.0" encoding="UTF-8"?>
<!-- Generated by org.testng.reporters.JUnitReportReporter -->
<testsuite skipped="0" hostname="Mateen-PC" name="com.cmr.qa.testcases.LoginPageTest" tests="3" failures="0" timestamp="2020-07-30T03:24:38 IST" time="30.409" errors="0">
  <testcase name="LoginPageTitleTest" time="12.149" classname="com.cmr.qa.testcases.LoginPageTest"/>
  <system-out/>
  <testcase name="LoginPageLogoTest" time="6.570" classname="com.cmr.qa.testcases.LoginPageTest"/>
  <system-out/>
  <testcase name="LoginTest" time="11.690" classname="com.cmr.qa.testcases.LoginPageTest"/>
  <system-out/>
</testsuite> <!-- com.cmr.qa.testcases.LoginPageTest -->
